app/build/outputs/logs/manifest-merger-debug-report.txt
-- Merging decision tree log ---
manifest
ADDED from src\main\AndroidManifest.xml:2:1-153:12
INJECTED from src\main\AndroidManifest.xml:2:1-153:12
INJECTED from src\main\AndroidManifest.xml:2:1-153:12
INJECTED from src\main\AndroidManifest.xml:2:1-153:12
MERGED from [com.android.support:multidex:1.0.2] AndroidManifest.xml:17:1-22:12
MERGED from [com.android.support:design:28.0.0] AndroidManifest.xml:17:1-24:12
MERGED from [com.android.support:appcompat-v7:28.0.0] AndroidManifest.xml:17:1-22:12
MERGED from [com.android.support.constraint:constraint-layout:1.1.3] AndroidManifest.xml:2:1-11:12
MERGED from [com.google.android.gms:play-services-gcm:11.4.2] AndroidManifest.xml:16:1-24:12
MERGED from [com.android.support:recyclerview-v7:28.0.0] AndroidManifest.xml:17:1-22:12
MERGED from [com.google.android.gms:play-services-ads:11.4.2] AndroidManifest.xml:16:1-18:12
MERGED from [com.google.android.gms:play-services-iid:11.4.2] AndroidManifest.xml:16:1-24:12
MERGED from [com.google.android.gms:play-services-base:11.4.2] AndroidManifest.xml:16:1-21:12
MERGED from [com.google.android.gms:play-services-ads-lite:11.4.2] AndroidManifest.xml:16:1-27:12
MERGED from [com.google.android.gms:play-services-gass:11.4.2] AndroidManifest.xml:2:1-5:12
MERGED from [com.google.android.gms:play-services-tasks:11.4.2] AndroidManifest.xml:2:1-5:12
MERGED from [com.google.android.gms:play-services-basement:11.4.2] AndroidManifest.xml:16:1-23:12
MERGED from [com.android.support:support-v4:25.2.0] AndroidManifest.xml:17:1-27:12
MERGED from [com.android.support:support-fragment:28.0.0] AndroidManifest.xml:17:1-22:12
MERGED from [com.android.support:animated-vector-drawable:28.0.0] AndroidManifest.xml:17:1-22:12
MERGED from [com.android.support:support-core-ui:28.0.0] AndroidManifest.xml:17:1-22:12
MERGED from [com.android.support:support-core-utils:28.0.0] AndroidManifest.xml:17:1-22:12
MERGED from [com.android.support:support-vector-drawable:28.0.0] AndroidManifest.xml:17:1-22:12
MERGED from [com.android.support:transition:28.0.0] AndroidManifest.xml:17:1-22:12
MERGED from [com.android.support:loader:28.0.0] AndroidManifest.xml:17:1-22:12
MERGED from [com.android.support:viewpager:28.0.0] AndroidManifest.xml:17:1-22:12
MERGED from [com.android.support:coordinatorlayout:28.0.0] AndroidManifest.xml:17:1-22:12
MERGED from [com.android.support:drawerlayout:28.0.0] AndroidManifest.xml:17:1-22:12
MERGED from [com.android.support:slidingpanelayout:28.0.0] AndroidManifest.xml:17:1-22:12
MERGED from [com.android.support:customview:28.0.0] AndroidManifest.xml:17:1-22:12
MERGED from [com.android.support:swiperefreshlayout:28.0.0] AndroidManifest.xml:17:1-22:12
MERGED from [com.android.support:asynclayoutinflater:28.0.0] AndroidManifest.xml:17:1-22:12
MERGED from [com.android.support:support-media-compat:25.2.0] AndroidManifest.xml:17:1-27:12
MERGED from [com.android.support:support-compat:28.0.0] AndroidManifest.xml:17:1-24:12
MERGED from [com.android.support:versionedparcelable:28.0.0] AndroidManifest.xml:17:1-25:12
MERGED from [com.android.support:cursoradapter:28.0.0] AndroidManifest.xml:17:1-22:12
MERGED from [com.android.support:cardview-v7:28.0.0] AndroidManifest.xml:17:1-22:12
MERGED from [android.arch.lifecycle:runtime:1.1.1] AndroidManifest.xml:17:1-22:12
MERGED from [com.android.support:documentfile:28.0.0] AndroidManifest.xml:17:1-22:12
MERGED from [com.android.support:localbroadcastmanager:28.0.0] AndroidManifest.xml:17:1-22:12
MERGED from [com.android.support:print:28.0.0] AndroidManifest.xml:17:1-22:12
MERGED from [android.arch.lifecycle:viewmodel:1.1.1] AndroidManifest.xml:17:1-22:12
MERGED from [com.android.support:interpolator:28.0.0] AndroidManifest.xml:17:1-22:12
MERGED from [android.arch.lifecycle:livedata:1.1.1] AndroidManifest.xml:17:1-22:12
MERGED from [android.arch.lifecycle:livedata-core:1.1.1] AndroidManifest.xml:17:1-22:12
MERGED from [android.arch.core:runtime:1.1.1] AndroidManifest.xml:17:1-22:12
MERGED from [com.google.android.gms:play-services-gcm-license:11.4.2] AndroidManifest.xml:2:1-6:12
MERGED from [com.google.android.gms:play-services-ads-license:11.4.2] AndroidManifest.xml:2:1-6:12
MERGED from [com.google.android.gms:play-services-base-license:11.4.2] AndroidManifest.xml:2:1-6:12
MERGED from [com.google.android.gms:play-services-basement-license:11.4.2] AndroidManifest.xml:2:1-6:12
MERGED from [com.google.android.gms:play-services-iid-license:11.4.2] AndroidManifest.xml:2:1-6:12
MERGED from [com.google.android.gms:play-services-ads-lite-license:11.4.2] AndroidManifest.xml:2:1-6:12
MERGED from [com.google.android.gms:play-services-gass-license:11.4.2] AndroidManifest.xml:2:1-6:12
MERGED from [com.google.android.gms:play-services-tasks-license:11.4.2] AndroidManifest.xml:2:1-6:12
INJECTED from src\main\AndroidManifest.xml:2:1-153:12
INJECTED from src\main\AndroidManifest.xml:2:1-153:12
INJECTED from src\main\AndroidManifest.xml:2:1-153:12
	package
		ADDED from src\main\AndroidManifest.xml:4:5-33
		INJECTED from src\main\AndroidManifest.xml
		INJECTED from src\main\AndroidManifest.xml
	android:versionName
		ADDED from src\main\AndroidManifest.xml:6:5-30
		INJECTED from src\main\AndroidManifest.xml
		INJECTED from src\main\AndroidManifest.xml
	xmlns:tools
		ADDED from src\main\AndroidManifest.xml:3:5-51
	xmlns:android
		ADDED from src\main\AndroidManifest.xml:2:11-69
	android:versionCode
		ADDED from src\main\AndroidManifest.xml:5:5-28
		INJECTED from src\main\AndroidManifest.xml
		INJECTED from src\main\AndroidManifest.xml
uses-permission#android.permission.INTERNET
ADDED from src\main\AndroidManifest.xml:8:5-67
MERGED from [com.google.android.gms:play-services-gcm:11.4.2] AndroidManifest.xml:21:5-66
MERGED from [com.google.android.gms:play-services-gcm:11.4.2] AndroidManifest.xml:21:5-66
MERGED from [com.google.android.gms:play-services-iid:11.4.2] AndroidManifest.xml:21:5-66
MERGED from [com.google.android.gms:play-services-iid:11.4.2] AndroidManifest.xml:21:5-66
MERGED from [com.google.android.gms:play-services-ads-lite:11.4.2] AndroidManifest.xml:19:5-66
MERGED from [com.google.android.gms:play-services-ads-lite:11.4.2] AndroidManifest.xml:19:5-66
	android:name
		ADDED from src\main\AndroidManifest.xml:8:22-64
uses-permission#android.permission.ACCESS_NETWORK_STATE
ADDED from src\main\AndroidManifest.xml:9:5-79
MERGED from [com.google.android.gms:play-services-ads-lite:11.4.2] AndroidManifest.xml:20:5-78
MERGED from [com.google.android.gms:play-services-ads-lite:11.4.2] AndroidManifest.xml:20:5-78
	android:name
		ADDED from src\main\AndroidManifest.xml:9:22-76
uses-permission#android.permission.ACCESS_WIFI_STATE
ADDED from src\main\AndroidManifest.xml:10:5-76
	android:name
		ADDED from src\main\AndroidManifest.xml:10:22-73
uses-permission#android.permission.WAKE_LOCK
ADDED from src\main\AndroidManifest.xml:11:5-68
	android:name
		ADDED from src\main\AndroidManifest.xml:11:22-65
uses-permission#com.google.android.c2dm.permission.RECEIVE
ADDED from src\main\AndroidManifest.xml:12:5-82
MERGED from [com.google.android.gms:play-services-gcm:11.4.2] AndroidManifest.xml:20:5-81
MERGED from [com.google.android.gms:play-services-gcm:11.4.2] AndroidManifest.xml:20:5-81
MERGED from [com.google.android.gms:play-services-iid:11.4.2] AndroidManifest.xml:20:5-81
MERGED from [com.google.android.gms:play-services-iid:11.4.2] AndroidManifest.xml:20:5-81
	android:name
		ADDED from src\main\AndroidManifest.xml:12:22-79
uses-permission#android.permission.SYSTEM_ALERT_WINDOW
ADDED from src\main\AndroidManifest.xml:13:5-78
	android:name
		ADDED from src\main\AndroidManifest.xml:13:22-75
uses-permission#net.anvisys.NestIn.gcm.permission.C2D_MESSAGE
ADDED from src\main\AndroidManifest.xml:14:5-85
	android:name
		ADDED from src\main\AndroidManifest.xml:14:22-82
uses-permission#android.permission.WRITE_EXTERNAL_STORAGE
ADDED from src\main\AndroidManifest.xml:15:5-81
	android:name
		ADDED from src\main\AndroidManifest.xml:15:22-78
uses-permission#android.permission.READ_EXTERNAL_STORAGE
ADDED from src\main\AndroidManifest.xml:16:5-80
	android:name
		ADDED from src\main\AndroidManifest.xml:16:22-77
uses-permission#android.permission.READ_PHONE_STATE
ADDED from src\main\AndroidManifest.xml:17:5-75
	android:name
		ADDED from src\main\AndroidManifest.xml:17:22-72
application
ADDED from src\main\AndroidManifest.xml:19:5-151:19
MERGED from [com.android.support:design:28.0.0] AndroidManifest.xml:22:5-20
MERGED from [com.android.support:design:28.0.0] AndroidManifest.xml:22:5-20
MERGED from [com.android.support.constraint:constraint-layout:1.1.3] AndroidManifest.xml:9:5-20
MERGED from [com.android.support.constraint:constraint-layout:1.1.3] AndroidManifest.xml:9:5-20
MERGED from [com.google.android.gms:play-services-gcm:11.4.2] AndroidManifest.xml:23:5-19
MERGED from [com.google.android.gms:play-services-gcm:11.4.2] AndroidManifest.xml:23:5-19
MERGED from [com.google.android.gms:play-services-iid:11.4.2] AndroidManifest.xml:23:5-19
MERGED from [com.google.android.gms:play-services-iid:11.4.2] AndroidManifest.xml:23:5-19
MERGED from [com.google.android.gms:play-services-base:11.4.2] AndroidManifest.xml:18:5-20:19
MERGED from [com.google.android.gms:play-services-base:11.4.2] AndroidManifest.xml:18:5-20:19
MERGED from [com.google.android.gms:play-services-ads-lite:11.4.2] AndroidManifest.xml:23:5-26:19
MERGED from [com.google.android.gms:play-services-ads-lite:11.4.2] AndroidManifest.xml:23:5-26:19
MERGED from [com.google.android.gms:play-services-gass:11.4.2] AndroidManifest.xml:4:5-19
MERGED from [com.google.android.gms:play-services-gass:11.4.2] AndroidManifest.xml:4:5-19
MERGED from [com.google.android.gms:play-services-tasks:11.4.2] AndroidManifest.xml:4:5-19
MERGED from [com.google.android.gms:play-services-tasks:11.4.2] AndroidManifest.xml:4:5-19
MERGED from [com.google.android.gms:play-services-basement:11.4.2] AndroidManifest.xml:19:5-21:19
MERGED from [com.google.android.gms:play-services-basement:11.4.2] AndroidManifest.xml:19:5-21:19
MERGED from [com.android.support:support-v4:25.2.0] AndroidManifest.xml:25:5-20
MERGED from [com.android.support:support-v4:25.2.0] AndroidManifest.xml:25:5-20
MERGED from [com.android.support:support-media-compat:25.2.0] AndroidManifest.xml:25:5-20
MERGED from [com.android.support:support-media-compat:25.2.0] AndroidManifest.xml:25:5-20
MERGED from [com.android.support:support-compat:28.0.0] AndroidManifest.xml:22:5-94
MERGED from [com.android.support:support-compat:28.0.0] AndroidManifest.xml:22:5-94
MERGED from [com.android.support:versionedparcelable:28.0.0] AndroidManifest.xml:22:5-23:19
MERGED from [com.android.support:versionedparcelable:28.0.0] AndroidManifest.xml:22:5-23:19
MERGED from [com.google.android.gms:play-services-gcm-license:11.4.2] AndroidManifest.xml:5:5-20
MERGED from [com.google.android.gms:play-services-gcm-license:11.4.2] AndroidManifest.xml:5:5-20
MERGED from [com.google.android.gms:play-services-ads-license:11.4.2] AndroidManifest.xml:5:5-20
MERGED from [com.google.android.gms:play-services-ads-license:11.4.2] AndroidManifest.xml:5:5-20
MERGED from [com.google.android.gms:play-services-base-license:11.4.2] AndroidManifest.xml:5:5-20
MERGED from [com.google.android.gms:play-services-base-license:11.4.2] AndroidManifest.xml:5:5-20
MERGED from [com.google.android.gms:play-services-basement-license:11.4.2] AndroidManifest.xml:5:5-20
MERGED from [com.google.android.gms:play-services-basement-license:11.4.2] AndroidManifest.xml:5:5-20
MERGED from [com.google.android.gms:play-services-iid-license:11.4.2] AndroidManifest.xml:5:5-20
MERGED from [com.google.android.gms:play-services-iid-license:11.4.2] AndroidManifest.xml:5:5-20
MERGED from [com.google.android.gms:play-services-ads-lite-license:11.4.2] AndroidManifest.xml:5:5-20
MERGED from [com.google.android.gms:play-services-ads-lite-license:11.4.2] AndroidManifest.xml:5:5-20
MERGED from [com.google.android.gms:play-services-gass-license:11.4.2] AndroidManifest.xml:5:5-20
MERGED from [com.google.android.gms:play-services-gass-license:11.4.2] AndroidManifest.xml:5:5-20
MERGED from [com.google.android.gms:play-services-tasks-license:11.4.2] AndroidManifest.xml:5:5-20
MERGED from [com.google.android.gms:play-services-tasks-license:11.4.2] AndroidManifest.xml:5:5-20
	android:appComponentFactory
		ADDED from [com.android.support:support-compat:28.0.0] AndroidManifest.xml:22:18-91
	android:label
		ADDED from src\main\AndroidManifest.xml:23:9-41
	android:icon
		ADDED from src\main\AndroidManifest.xml:22:9-44
	android:allowBackup
		ADDED from src\main\AndroidManifest.xml:21:9-36
	android:theme
		ADDED from src\main\AndroidManifest.xml:24:9-40
	android:name
		ADDED from src\main\AndroidManifest.xml:20:9-68
activity#net.anvisys.NestIn.AddRentActivity
ADDED from src\main\AndroidManifest.xml:25:9-62
	android:name
		ADDED from src\main\AndroidManifest.xml:25:19-50
activity#net.anvisys.NestIn.AddPoolOfferActivity
ADDED from src\main\AndroidManifest.xml:26:9-58
	android:name
		ADDED from src\main\AndroidManifest.xml:26:19-55
activity#net.anvisys.NestIn.CarPoolActivity
ADDED from src\main\AndroidManifest.xml:27:9-53
	android:name
		ADDED from src\main\AndroidManifest.xml:27:19-50
activity#net.anvisys.NestIn.Register.RentActivity
ADDED from src\main\AndroidManifest.xml:28:9-30:68
	android:parentActivityName
		ADDED from src\main\AndroidManifest.xml:30:13-65
	android:name
		ADDED from src\main\AndroidManifest.xml:29:13-50
activity#net.anvisys.NestIn.Register.NewRegisterActivity
ADDED from src\main\AndroidManifest.xml:31:9-66
	android:name
		ADDED from src\main\AndroidManifest.xml:31:19-63
activity#net.anvisys.NestIn.Register.RoleActivity
ADDED from src\main\AndroidManifest.xml:32:9-34:68
	android:parentActivityName
		ADDED from src\main\AndroidManifest.xml:34:13-65
	android:name
		ADDED from src\main\AndroidManifest.xml:33:13-50
activity#net.anvisys.NestIn.Register.RegisterActivity
ADDED from src\main\AndroidManifest.xml:35:9-37:68
	android:parentActivityName
		ADDED from src\main\AndroidManifest.xml:37:13-65
	android:name
		ADDED from src\main\AndroidManifest.xml:36:13-54
uses-library#com.google.android.maps
ADDED from src\main\AndroidManifest.xml:39:9-64
	android:name
		ADDED from src\main\AndroidManifest.xml:39:23-61
activity#net.anvisys.NestIn.Register.LoginActivity
ADDED from src\main\AndroidManifest.xml:41:9-44:40
	android:label
		ADDED from src\main\AndroidManifest.xml:43:13-47
	android:noHistory
		ADDED from src\main\AndroidManifest.xml:44:13-37
	android:name
		ADDED from src\main\AndroidManifest.xml:42:13-51
activity#net.anvisys.NestIn.Complaints.AddComplaintsActivity
ADDED from src\main\AndroidManifest.xml:45:9-49:56
	android:screenOrientation
		ADDED from src\main\AndroidManifest.xml:49:13-53
	android:parentActivityName
		ADDED from src\main\AndroidManifest.xml:48:13-76
	android:label
		ADDED from src\main\AndroidManifest.xml:47:13-42
	android:name
		ADDED from src\main\AndroidManifest.xml:46:13-61
activity#net.anvisys.NestIn.Complaints.ViewComplaintsActivity
ADDED from src\main\AndroidManifest.xml:50:9-54:56
	android:screenOrientation
		ADDED from src\main\AndroidManifest.xml:54:13-53
	android:parentActivityName
		ADDED from src\main\AndroidManifest.xml:53:13-60
	android:label
		ADDED from src\main\AndroidManifest.xml:52:13-44
	android:name
		ADDED from src\main\AndroidManifest.xml:51:13-62
activity#net.anvisys.NestIn.Complaints.ReOpenComplaintsActivity
ADDED from src\main\AndroidManifest.xml:55:9-58:56
	android:screenOrientation
		ADDED from src\main\AndroidManifest.xml:58:13-53
	android:label
		ADDED from src\main\AndroidManifest.xml:57:13-46
	android:name
		ADDED from src\main\AndroidManifest.xml:56:13-64
activity#net.anvisys.NestIn.Forum.ForumActivity
ADDED from src\main\AndroidManifest.xml:59:9-64:59
	android:screenOrientation
		ADDED from src\main\AndroidManifest.xml:63:13-53
	android:parentActivityName
		ADDED from src\main\AndroidManifest.xml:62:13-60
	android:label
		ADDED from src\main\AndroidManifest.xml:61:13-57
	android:windowSoftInputMode
		ADDED from src\main\AndroidManifest.xml:64:13-56
	android:name
		ADDED from src\main\AndroidManifest.xml:60:13-48
activity#net.anvisys.NestIn.Notice.NoticeActivity
ADDED from src\main\AndroidManifest.xml:65:9-69:56
	android:screenOrientation
		ADDED from src\main\AndroidManifest.xml:69:13-53
	android:parentActivityName
		ADDED from src\main\AndroidManifest.xml:68:13-60
	android:label
		ADDED from src\main\AndroidManifest.xml:67:13-42
	android:name
		ADDED from src\main\AndroidManifest.xml:66:13-50
receiver#com.google.android.gms.gcm.GcmReceiver
ADDED from src\main\AndroidManifest.xml:71:9-86:20
	android:parentActivityName
		ADDED from src\main\AndroidManifest.xml:74:13-78
	android:exported
		ADDED from src\main\AndroidManifest.xml:73:13-36
	android:permission
		ADDED from src\main\AndroidManifest.xml:75:13-73
	android:name
		ADDED from src\main\AndroidManifest.xml:72:13-66
intent-filter#action:name:com.google.android.c2dm.intent.RECEIVE+action:name:com.google.android.c2dm.intent.REGISTRATION+category:name:net.anvisys.NestIn
ADDED from src\main\AndroidManifest.xml:76:13-81:29
action#com.google.android.c2dm.intent.RECEIVE
ADDED from src\main\AndroidManifest.xml:77:17-81
	android:name
		ADDED from src\main\AndroidManifest.xml:77:25-78
action#com.google.android.c2dm.intent.REGISTRATION
ADDED from src\main\AndroidManifest.xml:78:17-86
	android:name
		ADDED from src\main\AndroidManifest.xml:78:25-83
category#net.anvisys.NestIn
ADDED from src\main\AndroidManifest.xml:80:17-63
	android:name
		ADDED from src\main\AndroidManifest.xml:80:27-60
meta-data#android.support.PARENT_ACTIVITY
ADDED from src\main\AndroidManifest.xml:83:13-85:72
	android:value
		ADDED from src\main\AndroidManifest.xml:85:17-69
	android:name
		ADDED from src\main\AndroidManifest.xml:84:17-63
service#net.anvisys.NestIn.MyGCMListnerService
ADDED from src\main\AndroidManifest.xml:88:9-95:19
	android:enabled
		ADDED from src\main\AndroidManifest.xml:90:13-35
	android:exported
		ADDED from src\main\AndroidManifest.xml:91:13-37
	android:name
		ADDED from src\main\AndroidManifest.xml:89:13-48
intent-filter#action:name:com.google.android.c2dm.intent.RECEIVE
ADDED from src\main\AndroidManifest.xml:92:13-94:29
activity#net.anvisys.NestIn.Vendor.ShopActivity
ADDED from src\main\AndroidManifest.xml:97:9-101:56
	android:screenOrientation
		ADDED from src\main\AndroidManifest.xml:101:13-53
	android:parentActivityName
		ADDED from src\main\AndroidManifest.xml:100:13-60
	android:label
		ADDED from src\main\AndroidManifest.xml:99:13-56
	android:name
		ADDED from src\main\AndroidManifest.xml:98:13-48
activity#net.anvisys.NestIn.Forum.ForumCompActivity
ADDED from src\main\AndroidManifest.xml:102:9-107:57
	android:screenOrientation
		ADDED from src\main\AndroidManifest.xml:106:13-53
	android:parentActivityName
		ADDED from src\main\AndroidManifest.xml:105:13-62
	android:label
		ADDED from src\main\AndroidManifest.xml:104:13-62
	android:windowSoftInputMode
		ADDED from src\main\AndroidManifest.xml:107:13-54
	android:name
		ADDED from src\main\AndroidManifest.xml:103:13-52
activity#net.anvisys.NestIn.DashboardActivity
ADDED from src\main\AndroidManifest.xml:108:9-112:56
	android:screenOrientation
		ADDED from src\main\AndroidManifest.xml:112:13-53
	android:label
		ADDED from src\main\AndroidManifest.xml:110:13-35
	android:launchMode
		ADDED from src\main\AndroidManifest.xml:111:13-44
	android:name
		ADDED from src\main\AndroidManifest.xml:109:13-46
activity#net.anvisys.NestIn.Billing.BillingActivity
ADDED from src\main\AndroidManifest.xml:113:9-116:63
	android:parentActivityName
		ADDED from src\main\AndroidManifest.xml:116:13-60
	android:label
		ADDED from src\main\AndroidManifest.xml:115:13-59
	android:name
		ADDED from src\main\AndroidManifest.xml:114:13-52
activity#net.anvisys.NestIn.Poll.OpinionActivity
ADDED from src\main\AndroidManifest.xml:117:9-120:63
	android:parentActivityName
		ADDED from src\main\AndroidManifest.xml:120:13-60
	android:label
		ADDED from src\main\AndroidManifest.xml:119:13-59
	android:name
		ADDED from src\main\AndroidManifest.xml:118:13-49
activity#net.anvisys.NestIn.Billing.PaymentActivity
ADDED from src\main\AndroidManifest.xml:121:9-123:65
	android:parentActivityName
		ADDED from src\main\AndroidManifest.xml:123:13-62
	android:name
		ADDED from src\main\AndroidManifest.xml:122:13-52
activity#net.anvisys.NestIn.Complaints.ComplaintHistoryActivity
ADDED from src\main\AndroidManifest.xml:124:9-128:57
	android:parentActivityName
		ADDED from src\main\AndroidManifest.xml:127:13-76
	android:label
		ADDED from src\main\AndroidManifest.xml:126:13-69
	android:windowSoftInputMode
		ADDED from src\main\AndroidManifest.xml:128:13-54
	android:name
		ADDED from src\main\AndroidManifest.xml:125:13-64
activity#net.anvisys.NestIn.ProfileActivity
ADDED from src\main\AndroidManifest.xml:129:9-131:42
	android:label
		ADDED from src\main\AndroidManifest.xml:131:13-39
	android:name
		ADDED from src\main\AndroidManifest.xml:130:13-44
activity#net.anvisys.NestIn.StartActivity
ADDED from src\main\AndroidManifest.xml:132:9-138:20
	android:name
		ADDED from src\main\AndroidManifest.xml:132:19-48
intent-filter#action:name:android.intent.action.MAIN+category:name:android.intent.category.LAUNCHER
ADDED from src\main\AndroidManifest.xml:133:13-137:29
action#android.intent.action.MAIN
ADDED from src\main\AndroidManifest.xml:134:17-69
	android:name
		ADDED from src\main\AndroidManifest.xml:134:25-66
category#android.intent.category.LAUNCHER
ADDED from src\main\AndroidManifest.xml:136:17-77
	android:name
		ADDED from src\main\AndroidManifest.xml:136:27-74
activity#net.anvisys.NestIn.Forum.AddForumActivity
ADDED from src\main\AndroidManifest.xml:139:9-141:65
	android:parentActivityName
		ADDED from src\main\AndroidManifest.xml:141:13-62
	android:name
		ADDED from src\main\AndroidManifest.xml:140:13-51
activity#net.anvisys.NestIn.SettingActivity
ADDED from src\main\AndroidManifest.xml:142:9-144:63
	android:parentActivityName
		ADDED from src\main\AndroidManifest.xml:144:13-60
	android:name
		ADDED from src\main\AndroidManifest.xml:143:13-44
activity#net.anvisys.NestIn.Guest.GuestCodeActivity
ADDED from src\main\AndroidManifest.xml:145:9-147:65
	android:parentActivityName
		ADDED from src\main\AndroidManifest.xml:147:13-62
	android:name
		ADDED from src\main\AndroidManifest.xml:146:13-52
activity#net.anvisys.NestIn.Guest.GuestActivity
ADDED from src\main\AndroidManifest.xml:148:9-150:69
	android:parentActivityName
		ADDED from src\main\AndroidManifest.xml:150:13-66
	android:name
		ADDED from src\main\AndroidManifest.xml:149:13-48
uses-sdk
INJECTED from src\main\AndroidManifest.xml reason: use-sdk injection requested
INJECTED from src\main\AndroidManifest.xml
INJECTED from src\main\AndroidManifest.xml
MERGED from [com.android.support:multidex:1.0.2] AndroidManifest.xml:20:5-43
MERGED from [com.android.support:multidex:1.0.2] AndroidManifest.xml:20:5-43
MERGED from [com.android.support:design:28.0.0] AndroidManifest.xml:20:5-44
MERGED from [com.android.support:design:28.0.0] AndroidManifest.xml:20:5-44
MERGED from [com.android.support:appcompat-v7:28.0.0] AndroidManifest.xml:20:5-44
MERGED from [com.android.support:appcompat-v7:28.0.0] AndroidManifest.xml:20:5-44
MERGED from [com.android.support.constraint:constraint-layout:1.1.3] AndroidManifest.xml:5:5-7:41
MERGED from [com.android.support.constraint:constraint-layout:1.1.3] AndroidManifest.xml:5:5-7:41
MERGED from [com.google.android.gms:play-services-gcm:11.4.2] AndroidManifest.xml:17:5-43
MERGED from [com.google.android.gms:play-services-gcm:11.4.2] AndroidManifest.xml:17:5-43
MERGED from [com.android.support:recyclerview-v7:28.0.0] AndroidManifest.xml:20:5-44
MERGED from [com.android.support:recyclerview-v7:28.0.0] AndroidManifest.xml:20:5-44
MERGED from [com.google.android.gms:play-services-ads:11.4.2] AndroidManifest.xml:17:5-94
MERGED from [com.google.android.gms:play-services-ads:11.4.2] AndroidManifest.xml:17:5-94
MERGED from [com.google.android.gms:play-services-iid:11.4.2] AndroidManifest.xml:17:5-43
MERGED from [com.google.android.gms:play-services-iid:11.4.2] AndroidManifest.xml:17:5-43
MERGED from [com.google.android.gms:play-services-base:11.4.2] AndroidManifest.xml:17:5-43
MERGED from [com.google.android.gms:play-services-base:11.4.2] AndroidManifest.xml:17:5-43
MERGED from [com.google.android.gms:play-services-ads-lite:11.4.2] AndroidManifest.xml:22:5-43
MERGED from [com.google.android.gms:play-services-ads-lite:11.4.2] AndroidManifest.xml:22:5-43
MERGED from [com.google.android.gms:play-services-gass:11.4.2] AndroidManifest.xml:3:5-43
MERGED from [com.google.android.gms:play-services-gass:11.4.2] AndroidManifest.xml:3:5-43
MERGED from [com.google.android.gms:play-services-tasks:11.4.2] AndroidManifest.xml:3:5-43
MERGED from [com.google.android.gms:play-services-tasks:11.4.2] AndroidManifest.xml:3:5-43
MERGED from [com.google.android.gms:play-services-basement:11.4.2] AndroidManifest.xml:17:5-43
MERGED from [com.google.android.gms:play-services-basement:11.4.2] AndroidManifest.xml:17:5-43
MERGED from [com.android.support:support-v4:25.2.0] AndroidManifest.xml:21:5-23:54
MERGED from [com.android.support:support-v4:25.2.0] AndroidManifest.xml:21:5-23:54
MERGED from [com.android.support:support-fragment:28.0.0] AndroidManifest.xml:20:5-44
MERGED from [com.android.support:support-fragment:28.0.0] AndroidManifest.xml:20:5-44
MERGED from [com.android.support:animated-vector-drawable:28.0.0] AndroidManifest.xml:20:5-44
MERGED from [com.android.support:animated-vector-drawable:28.0.0] AndroidManifest.xml:20:5-44
MERGED from [com.android.support:support-core-ui:28.0.0] AndroidManifest.xml:20:5-44
MERGED from [com.android.support:support-core-ui:28.0.0] AndroidManifest.xml:20:5-44
MERGED from [com.android.support:support-core-utils:28.0.0] AndroidManifest.xml:20:5-44
MERGED from [com.android.support:support-core-utils:28.0.0] AndroidManifest.xml:20:5-44
MERGED from [com.android.support:support-vector-drawable:28.0.0] AndroidManifest.xml:20:5-44
MERGED from [com.android.support:support-vector-drawable:28.0.0] AndroidManifest.xml:20:5-44
MERGED from [com.android.support:transition:28.0.0] AndroidManifest.xml:20:5-44
MERGED from [com.android.support:transition:28.0.0] AndroidManifest.xml:20:5-44
MERGED from [com.android.support:loader:28.0.0] AndroidManifest.xml:20:5-44
MERGED from [com.android.support:loader:28.0.0] AndroidManifest.xml:20:5-44
MERGED from [com.android.support:viewpager:28.0.0] AndroidManifest.xml:20:5-44
MERGED from [com.android.support:viewpager:28.0.0] AndroidManifest.xml:20:5-44
MERGED from [com.android.support:coordinatorlayout:28.0.0] AndroidManifest.xml:20:5-44
MERGED from [com.android.support:coordinatorlayout:28.0.0] AndroidManifest.xml:20:5-44
MERGED from [com.android.support:drawerlayout:28.0.0] AndroidManifest.xml:20:5-44
MERGED from [com.android.support:drawerlayout:28.0.0] AndroidManifest.xml:20:5-44
MERGED from [com.android.support:slidingpanelayout:28.0.0] AndroidManifest.xml:20:5-44
MERGED from [com.android.support:slidingpanelayout:28.0.0] AndroidManifest.xml:20:5-44
MERGED from [com.android.support:customview:28.0.0] AndroidManifest.xml:20:5-44
MERGED from [com.android.support:customview:28.0.0] AndroidManifest.xml:20:5-44
MERGED from [com.android.support:swiperefreshlayout:28.0.0] AndroidManifest.xml:20:5-44
MERGED from [com.android.support:swiperefreshlayout:28.0.0] AndroidManifest.xml:20:5-44
MERGED from [com.android.support:asynclayoutinflater:28.0.0] AndroidManifest.xml:20:5-44
MERGED from [com.android.support:asynclayoutinflater:28.0.0] AndroidManifest.xml:20:5-44
MERGED from [com.android.support:support-media-compat:25.2.0] AndroidManifest.xml:21:5-23:63
MERGED from [com.android.support:support-media-compat:25.2.0] AndroidManifest.xml:21:5-23:63
MERGED from [com.android.support:support-compat:28.0.0] AndroidManifest.xml:20:5-44
MERGED from [com.android.support:support-compat:28.0.0] AndroidManifest.xml:20:5-44
MERGED from [com.android.support:versionedparcelable:28.0.0] AndroidManifest.xml:20:5-44
MERGED from [com.android.support:versionedparcelable:28.0.0] AndroidManifest.xml:20:5-44
MERGED from [com.android.support:cursoradapter:28.0.0] AndroidManifest.xml:20:5-44
MERGED from [com.android.support:cursoradapter:28.0.0] AndroidManifest.xml:20:5-44
MERGED from [com.android.support:cardview-v7:28.0.0] AndroidManifest.xml:20:5-44
MERGED from [com.android.support:cardview-v7:28.0.0] AndroidManifest.xml:20:5-44
MERGED from [android.arch.lifecycle:runtime:1.1.1] AndroidManifest.xml:20:5-44
MERGED from [android.arch.lifecycle:runtime:1.1.1] AndroidManifest.xml:20:5-44
MERGED from [com.android.support:documentfile:28.0.0] AndroidManifest.xml:20:5-44
MERGED from [com.android.support:documentfile:28.0.0] AndroidManifest.xml:20:5-44
MERGED from [com.android.support:localbroadcastmanager:28.0.0] AndroidManifest.xml:20:5-44
MERGED from [com.android.support:localbroadcastmanager:28.0.0] AndroidManifest.xml:20:5-44
MERGED from [com.android.support:print:28.0.0] AndroidManifest.xml:20:5-44
MERGED from [com.android.support:print:28.0.0] AndroidManifest.xml:20:5-44
MERGED from [android.arch.lifecycle:viewmodel:1.1.1] AndroidManifest.xml:20:5-44
MERGED from [android.arch.lifecycle:viewmodel:1.1.1] AndroidManifest.xml:20:5-44
MERGED from [com.android.support:interpolator:28.0.0] AndroidManifest.xml:20:5-44
MERGED from [com.android.support:interpolator:28.0.0] AndroidManifest.xml:20:5-44
MERGED from [android.arch.lifecycle:livedata:1.1.1] AndroidManifest.xml:20:5-44
MERGED from [android.arch.lifecycle:livedata:1.1.1] AndroidManifest.xml:20:5-44
MERGED from [android.arch.lifecycle:livedata-core:1.1.1] AndroidManifest.xml:20:5-44
MERGED from [android.arch.lifecycle:livedata-core:1.1.1] AndroidManifest.xml:20:5-44
MERGED from [android.arch.core:runtime:1.1.1] AndroidManifest.xml:20:5-44
MERGED from [android.arch.core:runtime:1.1.1] AndroidManifest.xml:20:5-44